Android/RootedRemoteControlService/build/outputs/logs/manifest-merger-debug-report.txt
-- Merging decision tree log ---
manifest
ADDED from Android\RootedRemoteControlService\AndroidManifest.xml:3:1-7:12
INJECTED from Android\RootedRemoteControlService\AndroidManifest.xml:3:1-7:12
INJECTED from Android\RootedRemoteControlService\AndroidManifest.xml:3:1-7:12
INJECTED from Android\RootedRemoteControlService\AndroidManifest.xml:3:1-7:12
INJECTED from Android\RootedRemoteControlService\AndroidManifest.xml:3:1-7:12
INJECTED from Android\RootedRemoteControlService\AndroidManifest.xml:3:1-7:12
INJECTED from Android\RootedRemoteControlService\AndroidManifest.xml:3:1-7:12
	package
		ADDED from Android\RootedRemoteControlService\AndroidManifest.xml:4:7-50
		INJECTED from Android\RootedRemoteControlService\AndroidManifest.xml
		INJECTED from Android\RootedRemoteControlService\AndroidManifest.xml
	android:versionName
		ADDED from Android\RootedRemoteControlService\AndroidManifest.xml:6:7-32
		INJECTED from Android\RootedRemoteControlService\AndroidManifest.xml
		INJECTED from Android\RootedRemoteControlService\AndroidManifest.xml
	xmlns:android
		ADDED from Android\RootedRemoteControlService\AndroidManifest.xml:3:11-69
	android:versionCode
		ADDED from Android\RootedRemoteControlService\AndroidManifest.xml:5:7-30
		INJECTED from Android\RootedRemoteControlService\AndroidManifest.xml
		INJECTED from Android\RootedRemoteControlService\AndroidManifest.xml
uses-sdk
INJECTED from Android\RootedRemoteControlService\AndroidManifest.xml reason: use-sdk injection requested
INJECTED from Android\RootedRemoteControlService\AndroidManifest.xml
INJECTED from Android\RootedRemoteControlService\AndroidManifest.xml
INJECTED from Android\RootedRemoteControlService\AndroidManifest.xml
INJECTED from Android\RootedRemoteControlService\AndroidManifest.xml
	android:targetSdkVersion
		INJECTED from Android\RootedRemoteControlService\AndroidManifest.xml
		ADDED from Android\RootedRemoteControlService\AndroidManifest.xml
		INJECTED from Android\RootedRemoteControlService\AndroidManifest.xml
	android:minSdkVersion
		INJECTED from Android\RootedRemoteControlService\AndroidManifest.xml
		ADDED from Android\RootedRemoteControlService\AndroidManifest.xml
		INJECTED from Android\RootedRemoteControlService\AndroidManifest.xml